casetime :          2016-12-05 14:31:17.404340
casename :          unique casename
rtmppuhspt :        True
rtmppuhurl :        rtmp://rtmppuh.host.domain.com/app/stream
rtmppulspt :        True
rtmppulurl :        rtmp://rtmppul.host.domain.com/app/stream
hdlpulspt :         True
hdlpulurl :         http://hdlpul.host.domain.com/app/stream.flv
hlspulspt :         True
hlspulurl :         http://hlspul.host.domain.com/app/stream/index.m3u8
rtmppuhmta :        {"extra_metadata_1": "extra_metadata_1", "extra_metadata_2": "extra_metadata_2", "extra_metadata_3": "extra_metadata_3", "extra_metadata_4": "extra_metadata_4", "extra_metadata_5": "extra_metadata_5", "extra_metadata_6": "extra_metadata_6", "extra_metadata_7": "extra_metadata_7"}
rtmppuhfmtctn :     flv
rtmppuhvcdc :       libx264
rtmppuhvbrte :      800000.0
rtmppuhvfrmrte :    24.0
rtmppuhvres :       854x480
rtmppuhacdc :       aac
rtmppuhabrte :      64000.0
rtmppuhasplrte :    44100.0
rtmppuhachn :       2.0
rtmppuhdrt :        0.758281946182
rtmppuhvfld :       UNDEFINED
rtmppuhafld :       UNDEFINED
rtmppuhsptrlt :     UNDEFINED
rtmppulmta :        UNDEFINED
rtmppulfmtctn :     UNDEFINED
rtmppulvcdc :       UNDEFINED
rtmppulvbrte :      UNDEFINED
rtmppulvfrmrte :    UNDEFINED
rtmppulvres :       UNDEFINED
rtmppulacdc :       UNDEFINED
rtmppulabrte :      UNDEFINED
rtmppulasplrte :    UNDEFINED
rtmppulachn :       UNDEFINED
rtmppulvfld :       UNDEFINED
rtmppulafld :       UNDEFINED
rtmppulvlog :       UNDEFINED
rtmppulalog :       UNDEFINED
rtmppulsptrlt :     UNDEFINED
rtmpmtarlt :        UNDEFINED
rtmpfmtctnrlt :     UNDEFINED
rtmpvcdcrlt :       UNDEFINED
rtmpvbrterlt :      UNDEFINED
rtmpvfrmrterlt :    UNDEFINED
rtmpvresrlt :       UNDEFINED
rtmpacdcrlt :       UNDEFINED
rtmpabrterlt :      UNDEFINED
rtmpasplrterlt :    UNDEFINED
rtmpachnrlt :       UNDEFINED
rtmpvlosfrm :       UNDEFINED
rtmpvtolfrm :       UNDEFINED
rtmpvlosfrmrto :    UNDEFINED
rtmpvmaxconlosfrm : UNDEFINED
rtmpvminconlosfrm : UNDEFINED
rtmpvflddly :       UNDEFINED
rtmpvavgdly :       UNDEFINED
rtmpvmaxdly :       UNDEFINED
rtmpvmindly :       UNDEFINED
rtmpalosfrm :       UNDEFINED
rtmpatolfrm :       UNDEFINED
rtmpalosfrmrto :    UNDEFINED
rtmpamaxconlosfrm : UNDEFINED
rtmpaminconlosfrm : UNDEFINED
rtmpaflddly :       UNDEFINED
rtmpaavgdly :       UNDEFINED
rtmpamaxdly :       UNDEFINED
rtmpamindly :       UNDEFINED
hdlpulmta :         UNDEFINED
hdlpulfmtctn :      UNDEFINED
hdlpulvcdc :        UNDEFINED
hdlpulvbrte :       UNDEFINED
hdlpulvfrmrte :     UNDEFINED
hdlpulvres :        UNDEFINED
hdlpulacdc :        UNDEFINED
hdlpulabrte :       UNDEFINED
hdlpulasplrte :     UNDEFINED
hdlpulachn :        UNDEFINED
hdlpulvfld :        UNDEFINED
hdlpulafld :        UNDEFINED
hdlpulvlog :        UNDEFINED
hdlpulalog :        UNDEFINED
hdlpulsptrlt :      UNDEFINED
hdlmtarlt :         UNDEFINED
hdlfmtctnrlt :      UNDEFINED
hdlvcdcrlt :        UNDEFINED
hdlvbrterlt :       UNDEFINED
hdlvfrmrterlt :     UNDEFINED
hdlvresrlt :        UNDEFINED
hdlacdcrlt :        UNDEFINED
hdlabrterlt :       UNDEFINED
hdlasplrterlt :     UNDEFINED
hdlachnrlt :        UNDEFINED
hdlvlosfrm :        UNDEFINED
hdlvtolfrm :        UNDEFINED
hdlvlosfrmrto :     UNDEFINED
hdlvmaxconlosfrm :  UNDEFINED
hdlvminconlosfrm :  UNDEFINED
hdlvflddly :        UNDEFINED
hdlvavgdly :        UNDEFINED
hdlvmaxdly :        UNDEFINED
hdlvmindly :        UNDEFINED
hdlalosfrm :        UNDEFINED
hdlatolfrm :        UNDEFINED
hdlalosfrmrto :     UNDEFINED
hdlamaxconlosfrm :  UNDEFINED
hdlaminconlosfrm :  UNDEFINED
hdlaflddly :        UNDEFINED
hdlaavgdly :        UNDEFINED
hdlamaxdly :        UNDEFINED
hdlamindly :        UNDEFINED
hlspulmta :         UNDEFINED
hlspulfmtctn :      UNDEFINED
hlspulvcdc :        UNDEFINED
hlspulvfrmrte :     UNDEFINED
hlspulvres :        UNDEFINED
hlspulacdc :        UNDEFINED
hlspulabrte :       UNDEFINED
hlspulasplrte :     UNDEFINED
hlspulachn :        UNDEFINED
hlspulvfld :        UNDEFINED
hlspulafld :        UNDEFINED
hlspulsptrlt :      UNDEFINED
hlsmtarlt :         UNDEFINED
hlsfmtctnrlt :      UNDEFINED
hlsvcdcrlt :        UNDEFINED
hlsvfrmrterlt :     UNDEFINED
hlsvresrlt :        UNDEFINED
hlsacdcrlt :        UNDEFINED
hlsabrterlt :       UNDEFINED
hlsasplrterlt :     UNDEFINED
hlsachnrlt :        UNDEFINED
hlsvflddly :        UNDEFINED
hlsaflddly :        UNDEFINED
rtmppuhvlog :       UNDEFINED
rtmppuhalog :       UNDEFINED

